<?xml version="1.0" encoding="UTF-8"?>
<!-- Generated by org.testng.reporters.JUnitReportReporter -->
<testsuite hostname="DESKTOP-OFVVT2S" failures="0" tests="1" name="testngprgms.Param" time="0.024" errors="0" timestamp="2023-05-31T13:58:27 IST" skipped="0">
  <testcase classname="testngprgms.Param" name="testing" time="0.024"/>
  <system-out/>
</testsuite> <!-- testngprgms.Param -->
