<?xml version="1.0" encoding="UTF-8"?>
<!-- Generated by org.testng.reporters.JUnitReportReporter -->
<testsuite hostname="DESKTOP-OFVVT2S" failures="0" tests="3" name="testngprgms.Radio" time="36.707" errors="0" timestamp="2023-05-31T10:59:16 IST" skipped="0">
  <testcase classname="testngprgms.Radio" name="radio" time="2.269"/>
  <system-out/>
  <testcase classname="testngprgms.Radio" name="button" time="2.930"/>
  <system-out/>
  <testcase classname="testngprgms.Radio" name="logo" time="31.508"/>
  <system-out/>
</testsuite> <!-- testngprgms.Radio -->
