<?xml version="1.0" encoding="UTF-8"?>
<!-- Generated by org.testng.reporters.JUnitReportReporter -->
<testsuite hostname="DESKTOP-OFVVT2S" failures="0" tests="2" name="testngprgms.Grouping" time="0.020" errors="0" timestamp="2023-05-26T14:16:17 IST" skipped="0">
  <testcase classname="testngprgms.Grouping" name="test3" time="0.015"/>
  <system-out/>
  <testcase classname="testngprgms.Grouping" name="test4" time="0.005"/>
  <system-out/>
</testsuite> <!-- testngprgms.Grouping -->
