<?xml version="1.0" encoding="UTF-8"?>
<!-- Generated by org.testng.reporters.JUnitReportReporter -->
<testsuite hostname="DESKTOP-OFVVT2S" failures="0" tests="1" name="KeyboardPrgm" time="47.800" errors="0" timestamp="2023-05-29T11:41:18 IST" skipped="0">
  <testcase classname="KeyboardPrgm" name="testing" time="47.800"/>
  <system-out/>
</testsuite> <!-- KeyboardPrgm -->
