<?xml version="1.0" encoding="UTF-8"?>
<!-- Generated by org.testng.reporters.JUnitReportReporter -->
<testsuite hostname="DESKTOP-OFVVT2S" failures="0" tests="1" name="DragDrop" time="34.618" errors="0" timestamp="2023-05-29T14:46:55 IST" skipped="0">
  <testcase classname="DragDrop" name="testing" time="34.618"/>
  <system-out/>
</testsuite> <!-- DragDrop -->
