<?xml version="1.0" encoding="UTF-8"?>
<!-- Generated by org.testng.reporters.JUnitReportReporter -->
<testsuite hostname="DESKTOP-OFVVT2S" failures="0" tests="2" name="testngprgms.Demotestng" time="5.603" errors="0" timestamp="2023-05-26T11:14:08 IST" skipped="0">
  <testcase classname="testngprgms.Demotestng" name="registration" time="1.340"/>
  <system-out/>
  <testcase classname="testngprgms.Demotestng" name="login" time="4.263"/>
  <system-out/>
</testsuite> <!-- testngprgms.Demotestng -->
