<?xml version="1.0" encoding="UTF-8"?>
<!-- Generated by org.testng.reporters.JUnitReportReporter -->
<testsuite hostname="DESKTOP-OFVVT2S" failures="0" tests="1" name="t1.PrgmGroup" time="0.024" errors="0" timestamp="2023-05-29T11:10:37 IST" skipped="0">
  <testcase classname="t1.PrgmGroup" name="test3" time="0.024"/>
  <system-out/>
</testsuite> <!-- t1.PrgmGroup -->
