<?xml version="1.0" encoding="UTF-8"?>
<!-- Generated by org.testng.reporters.JUnitReportReporter -->
<testsuite hostname="DESKTOP-OFVVT2S" failures="0" tests="2" name="testngprgms.CrossBrowserTest" time="8.906" errors="0" timestamp="2023-05-31T14:27:29 IST" skipped="0">
  <testcase classname="testngprgms.CrossBrowserTest" name="testing" time="5.580"/>
  <system-out/>
  <testcase classname="testngprgms.CrossBrowserTest" name="testing" time="3.326"/>
  <system-out/>
</testsuite> <!-- testngprgms.CrossBrowserTest -->
